<?xml version="1.0" encoding="UTF-8"?>
<!-- Generated by org.testng.reporters.JUnitReportReporter -->
<testsuite hostname="MAHESH" failures="0" tests="1" name="driverFactory.POM_TestScript" time="86.271" errors="0" timestamp="2024-12-18T18:12:44 IST" skipped="0">
  <testcase classname="driverFactory.POM_TestScript" name="startTest" time="86.271"/>
  <system-out>
    <![CDATA[no of row =6
Customer-00000013754======Customer-00000013754
Customer add sucessfull
Customer-00000013755======Customer-00000013755
Customer add sucessfull
Customer-00000013756======Customer-00000013756
Customer add sucessfull
Customer-00000013757======Customer-00000013757
Customer add sucessfull
Customer-00000013758======Customer-00000013758
Customer add sucessfull
Customer-00000013759======Customer-00000013759
Customer add sucessfull]]>
  </system-out>
</testsuite> <!-- driverFactory.POM_TestScript -->
