<?xml version="1.0" encoding="UTF-8"?>
<!-- Generated by org.testng.reporters.JUnitReportReporter -->
<testsuite hostname="MAHESH" failures="0" tests="1" name="driverFactory.DriverScript" time="28.357" errors="0" timestamp="2024-12-18T18:12:45 IST" skipped="0">
  <testcase classname="driverFactory.DriverScript" name="starTest" time="28.357"/>
  <system-out>
    <![CDATA[no of rows are=5
Valid username and passworddashboard===http://webapp.qedgetech.com/dashboard.php
Valid invalidusername and passwordmastersj===admin
Incorrect user ID or password
Valid invalidusername and passwordmaster===axnn
Incorrect user ID or password
Valid invalidusername and passwordmastesr===adminhjjj
Incorrect user ID or password
Valid username and passworddashboard===http://webapp.qedgetech.com/dashboard.php]]>
  </system-out>
</testsuite> <!-- driverFactory.DriverScript -->
